aces-container
aic94xx-firmware
android-sdk-platform-tools
anydesk-bin
art-rawconverter
ast-firmware
aurutils
bezier
brother-mfc-1910w
brother-mfc-1910w-debug
checkupdates-with-aur
ctl
freetube-bin
gimp-plugin-layerfx
hyprevents-git
hyprprop-git
hyprshade
hyprshot
libglade
librewolf-bin
librewolf-bin-debug
libva-nvidia-driver-git
pygtk
pyprland
python2
python2-cairo
python2-gimp
python2-gobject2
python2-numpy
python2-setuptools
simple-mtpfs
timeshift-autosnap
upd72020x-fw
uwsm
virtio-win
virtualbox-ext-oracle
wd719x-firmware
yay
yay-debug
