arch-install-scripts
base
base-devel
brightnessctl
btop
cups
cups-pdf
dbxtool
efibootmgr
eog
evince
eza
fastfetch
file-roller
firejail
fish
foot
fwupd
gdm
gimp
git
gmtp
gnome-calculator
gnome-control-center
gnome-disk-utility
gnome-shell
gnome-shell-extensions
gnome-text-editor
gnome-tweaks
gparted
grub
gufw
gvfs-mtp
jdk-openjdk
less
lib32-nvidia-utils
lib32-opencl-nvidia
libreoffice-fresh
linux
linux-firmware
linux-headers
mpv
nano
nano-syntax-highlighting
ncdu
nemo
networkmanager
nvidia-dkms
nvidia-utils
nwg-look
opencl-nvidia
plocate
ranger
reflector
ripgrep
rsync
simple-scan
stow
timeshift
ttf-font-awesome
ttf-jetbrains-mono-nerd
ufw
usbutils
wget
wpa_supplicant
