aic94xx-firmware
android-sdk-platform-tools
anydesk-bin
aquamarine-git
ast-firmware
aurutils
bezier
checkupdates-with-aur
ctl
hyprcursor-git
freetube-bin
hyprevents-git
hyprgraphics-git
hypridle-git
hyprland-git
hyprland-protocols-git
hyprland-qt-support-git
hyprland-qt-support-git-debug
hyprland-qtutils-git
hyprlang-git
hyprlock-git
hyprprop-git
#hyprshade
hyprshot
hyprutils-git
hyprwayland-scanner-git
libglade
librewolf-bin
libva-nvidia-driver-git
#pyprland
simple-mtpfs
upd72020x-fw
wd719x-firmware
