lst=(
gnome-shell

arc-gtk-theme
arch-install-scripts
brightnessctl
btop
cups
cups-pdf
eog
evince
eza
fastfetch
file-roller
firejail
fish
foot
fwupd
git
gmtp
gnome-calculator
gnome-disk-utility
gnome-text-editor
gparted
gst-plugin-pipewire
gufw
gvfs
gvfs-mtp
htop
imagemagick
inotify-tools
inxi
less
man-db
mpv
nano
ncdu
nemo
networkmanager
network-manager-applet
pacman-contrib
pavucontrol
plocate
ranger
ripgrep
rsync
stow
timeshift
ttf-font-awesome
ttf-jetbrains-mono-nerd
ufw
usbutils
vim
wget
wireless_tools
xdg-utils
yt-dlp
nano-syntax-highlighting
nwg-look
jdk-openjdk
dconf-editor
jdk-openjdk
libreoffice-fresh
gimp
simple-scan
libeatmydata

)
